<?xml version="1.0" encoding="UTF-8"?>
<alr:test-suite xmlns:alr="urn:model.allure.qatools.yandex.ru" start="1603077427517" stop="1603077543781" version="1.4.0">
  <name>Guidance\Tests\Project\.Test/Project</name>
  <test-cases>
    <test-case start="1603077427527" stop="1603077448627" status="broken">
      <name>ShopCosmopolitan</name>
      <failure>
        <message>Waited for 10 secs but text 'Added to cart!' still not found</message>
        <stack-trace>#0 /Users/whazle/Desktop/hearst-m2-tests/vendor/phpunit/phpunit/src/Framework/TestSuite.php(665): Codeception\Test\Test-&gt;run(Object(PHPUnit\Framework\TestResult))
#1 /Users/whazle/Desktop/hearst-m2-tests/vendor/codeception/phpunit-wrapper/src/Runner.php(117): PHPUnit\Framework\TestSuite-&gt;run(Object(PHPUnit\Framework\TestResult))
#2 /Users/whazle/Desktop/hearst-m2-tests/vendor/codeception/codeception/src/Codeception/SuiteManager.php(161): Codeception\PHPUnit\Runner-&gt;doEnhancedRun(Object(Codeception\Suite), Object(PHPUnit\Framework\TestResult), Array)
#3 /Users/whazle/Desktop/hearst-m2-tests/vendor/codeception/codeception/src/Codeception/Codecept.php(196): Codeception\SuiteManager-&gt;run(Object(Codeception\PHPUnit\Runner), Object(PHPUnit\Framework\TestResult), Array)
#4 /Users/whazle/Desktop/hearst-m2-tests/vendor/guidance/tests_base/src/Codeception/Launcher.php(93): Codeception\Codecept-&gt;runSuite(Array, 'Test/Project', 'DemoCest.php')
#5 /Users/whazle/Desktop/hearst-m2-tests/bin/dev(62): Guidance\Tests\Base\Codeception\Launcher-&gt;launch()
#6 {main}</stack-trace>
      </failure>
      <steps>
        <step start="1603077429182" stop="1603077431932" status="passed">
          <name>am on url "https://shop•cosmopolitan•com/"</name>
        </step>
        <step start="1603077431932" stop="1603077432065" status="passed">
          <name>see "Cosmopolitan"</name>
        </step>
        <step start="1603077432066" stop="1603077437070" status="passed">
          <name>wait 5</name>
        </step>
        <step start="1603077437070" stop="1603077437191" status="passed">
          <name>see "Add to Cart"</name>
        </step>
        <step start="1603077437191" stop="1603077437277" status="passed">
          <name>click {"css":"#product-addtocart-button &gt; span:nth-child(1)"}</name>
        </step>
        <step start="1603077437277" stop="1603077447615" status="failed">
          <name>wait for text "Added to cart!"</name>
        </step>
      </steps>
      <attachments>
        <attachment title="png" source="e5abf2bc059cf19b75dcb617539626b5259c6cb5-attachment.png" type="image/png"/>
        <attachment title="html" source="5d2da8f5bbcfb9998376a1aeb1d2b49b790577bb-attachment.html" type="text/html"/>
      </attachments>
      <labels>
        <label name="testMethod" value="ShopCosmopolitan"/>
        <label name="testClass" value="Guidance\Tests\Project\Test\Project\DemoCest"/>
      </labels>
    </test-case>
    <test-case start="1603077448628" stop="1603077471582" status="passed">
      <name>ShopWomensHeathMag</name>
      <steps>
        <step start="1603077450465" stop="1603077453502" status="passed">
          <name>am on url "https://shop•womenshealthmag•com"</name>
        </step>
        <step start="1603077453502" stop="1603077453623" status="passed">
          <name>see "Magazine"</name>
        </step>
        <step start="1603077453624" stop="1603077458624" status="passed">
          <name>wait 5</name>
        </step>
        <step start="1603077458624" stop="1603077459397" status="passed">
          <name>am on page "/editors-picks•html"</name>
        </step>
        <step start="1603077459398" stop="1603077459574" status="passed">
          <name>see "Keto"</name>
        </step>
        <step start="1603077459574" stop="1603077460226" status="passed">
          <name>am on page "/keto-for-carb-lovers•html"</name>
        </step>
        <step start="1603077460226" stop="1603077460376" status="passed">
          <name>see "Keto"</name>
        </step>
        <step start="1603077460376" stop="1603077460553" status="passed">
          <name>see "Add to Cart"</name>
        </step>
        <step start="1603077460553" stop="1603077460650" status="passed">
          <name>click {"css":"#product-addtocart-button &gt; span:nth-child(1)"}</name>
        </step>
        <step start="1603077460650" stop="1603077463995" status="passed">
          <name>wait for text "Added to cart!"</name>
        </step>
        <step start="1603077463996" stop="1603077468998" status="passed">
          <name>wait 5</name>
        </step>
        <step start="1603077468998" stop="1603077469068" status="passed">
          <name>click {"css":"a•action:nth-child(5)"}</name>
        </step>
        <step start="1603077469068" stop="1603077469248" status="passed">
          <name>wait for text "added"</name>
        </step>
        <step start="1603077469249" stop="1603077471318" status="passed">
          <name>am on page "/checkout/cart/"</name>
        </step>
        <step start="1603077471319" stop="1603077471527" status="passed">
          <name>see "Cart"</name>
        </step>
      </steps>
      <labels>
        <label name="testMethod" value="ShopWomensHeathMag"/>
        <label name="testClass" value="Guidance\Tests\Project\Test\Project\DemoCest"/>
      </labels>
    </test-case>
    <test-case start="1603077471584" stop="1603077489118" status="broken">
      <name>ShopPrevention</name>
      <failure>
        <message>stale element reference: element is not attached to the page document
  (Session info: chrome=86.0.4240.80)
  (Driver info: chromedriver=2.34.522932 (4140ab217e1ca1bec0c4b4d1b148f3361eb3a03e),platform=Mac OS X 10.15.6 x86_64)</message>
        <stack-trace>#0 /Users/whazle/Desktop/hearst-m2-tests/vendor/phpunit/phpunit/src/Framework/TestSuite.php(665): Codeception\Test\Test-&gt;run(Object(PHPUnit\Framework\TestResult))
#1 /Users/whazle/Desktop/hearst-m2-tests/vendor/codeception/phpunit-wrapper/src/Runner.php(117): PHPUnit\Framework\TestSuite-&gt;run(Object(PHPUnit\Framework\TestResult))
#2 /Users/whazle/Desktop/hearst-m2-tests/vendor/codeception/codeception/src/Codeception/SuiteManager.php(161): Codeception\PHPUnit\Runner-&gt;doEnhancedRun(Object(Codeception\Suite), Object(PHPUnit\Framework\TestResult), Array)
#3 /Users/whazle/Desktop/hearst-m2-tests/vendor/codeception/codeception/src/Codeception/Codecept.php(196): Codeception\SuiteManager-&gt;run(Object(Codeception\PHPUnit\Runner), Object(PHPUnit\Framework\TestResult), Array)
#4 /Users/whazle/Desktop/hearst-m2-tests/vendor/guidance/tests_base/src/Codeception/Launcher.php(93): Codeception\Codecept-&gt;runSuite(Array, 'Test/Project', 'DemoCest.php')
#5 /Users/whazle/Desktop/hearst-m2-tests/bin/dev(62): Guidance\Tests\Base\Codeception\Launcher-&gt;launch()
#6 {main}</stack-trace>
      </failure>
      <steps>
        <step start="1603077472845" stop="1603077475378" status="passed">
          <name>am on url "https://shop•prevention•com/"</name>
        </step>
        <step start="1603077475378" stop="1603077475548" status="passed">
          <name>see "Editor"</name>
        </step>
        <step start="1603077475548" stop="1603077481550" status="passed">
          <name>wait 6</name>
        </step>
        <step start="1603077481550" stop="1603077483483" status="passed">
          <name>am on page "/shop-all•html"</name>
        </step>
        <step start="1603077483484" stop="1603077483890" status="passed">
          <name>see "Fit"</name>
        </step>
        <step start="1603077483891" stop="1603077485891" status="passed">
          <name>wait 2</name>
        </step>
        <step start="1603077485891" stop="1603077487871" status="failed">
          <name>select option {"id":"sorter"},"name"</name>
        </step>
      </steps>
      <attachments>
        <attachment title="png" source="96c9e4ef6b7a9d51dbb23789e396f85e47d46634-attachment.png" type="image/png"/>
        <attachment title="html" source="51df15d5a92383587ab0a0a5e6994025bd30634f-attachment.html" type="text/html"/>
      </attachments>
      <labels>
        <label name="testMethod" value="ShopPrevention"/>
        <label name="testClass" value="Guidance\Tests\Project\Test\Project\DemoCest"/>
      </labels>
    </test-case>
    <test-case start="1603077489119" stop="1603077514264" status="passed">
      <name>ShopElle</name>
      <steps>
        <step start="1603077490851" stop="1603077494806" status="passed">
          <name>am on url "https://shop•elle•com"</name>
        </step>
        <step start="1603077494806" stop="1603077497024" status="passed">
          <name>reload page </name>
        </step>
        <step start="1603077497025" stop="1603077497153" status="passed">
          <name>see "Elle"</name>
        </step>
        <step start="1603077497153" stop="1603077497247" status="passed">
          <name>see "Add to Cart"</name>
        </step>
        <step start="1603077497247" stop="1603077497353" status="passed">
          <name>click {"css":"#product-addtocart-button &gt; span:nth-child(1)"}</name>
        </step>
        <step start="1603077497353" stop="1603077500788" status="passed">
          <name>wait for text "Added to cart!"</name>
        </step>
        <step start="1603077500788" stop="1603077505790" status="passed">
          <name>wait 5</name>
        </step>
        <step start="1603077505790" stop="1603077505864" status="passed">
          <name>click {"css":"a•action:nth-child(5)"}</name>
        </step>
        <step start="1603077505864" stop="1603077506068" status="passed">
          <name>wait for text "added"</name>
        </step>
        <step start="1603077506068" stop="1603077511069" status="passed">
          <name>wait 5</name>
        </step>
        <step start="1603077511069" stop="1603077514029" status="passed">
          <name>am on page "/checkout/cart/"</name>
        </step>
        <step start="1603077514029" stop="1603077514211" status="passed">
          <name>see "Cart"</name>
        </step>
      </steps>
      <labels>
        <label name="testMethod" value="ShopElle"/>
        <label name="testClass" value="Guidance\Tests\Project\Test\Project\DemoCest"/>
      </labels>
    </test-case>
    <test-case start="1603077514265" stop="1603077537932" status="passed">
      <name>ShopMarieClaire</name>
      <steps>
        <step start="1603077515607" stop="1603077517548" status="passed">
          <name>am on url "https://shop•marieclaire•com/"</name>
        </step>
        <step start="1603077517548" stop="1603077517669" status="passed">
          <name>see "Marie"</name>
        </step>
        <step start="1603077517669" stop="1603077517777" status="passed">
          <name>see "Add to Cart"</name>
        </step>
        <step start="1603077517777" stop="1603077518920" status="passed">
          <name>click {"css":"#product-addtocart-button &gt; span:nth-child(1)"}</name>
        </step>
        <step start="1603077518920" stop="1603077523681" status="passed">
          <name>wait for text "Added to cart!"</name>
        </step>
        <step start="1603077523681" stop="1603077528682" status="passed">
          <name>wait 5</name>
        </step>
        <step start="1603077528682" stop="1603077528761" status="passed">
          <name>click {"css":"a•action:nth-child(5)"}</name>
        </step>
        <step start="1603077528761" stop="1603077528965" status="passed">
          <name>wait for text "added"</name>
        </step>
        <step start="1603077528965" stop="1603077533965" status="passed">
          <name>wait 5</name>
        </step>
        <step start="1603077533965" stop="1603077537663" status="passed">
          <name>am on page "/checkout/cart/"</name>
        </step>
        <step start="1603077537663" stop="1603077537876" status="passed">
          <name>see "Cart"</name>
        </step>
      </steps>
      <labels>
        <label name="testMethod" value="ShopMarieClaire"/>
        <label name="testClass" value="Guidance\Tests\Project\Test\Project\DemoCest"/>
      </labels>
    </test-case>
    <test-case start="1603077537936" stop="1603077543778" status="passed">
      <name>ShopMensHealth</name>
      <steps>
        <step start="1603077539066" stop="1603077541410" status="passed">
          <name>am on url "https://shop•menshealth•com/"</name>
        </step>
        <step start="1603077541411" stop="1603077541543" status="passed">
          <name>see "Editor"</name>
        </step>
        <step start="1603077541543" stop="1603077543609" status="passed">
          <name>am on page "/backslash-fit-smart-mat-option•html"</name>
        </step>
        <step start="1603077543609" stop="1603077543724" status="passed">
          <name>see "Mat"</name>
        </step>
      </steps>
      <labels>
        <label name="testMethod" value="ShopMensHealth"/>
        <label name="testClass" value="Guidance\Tests\Project\Test\Project\DemoCest"/>
      </labels>
    </test-case>
  </test-cases>
</alr:test-suite>
